2013/03/12 00:52:21 [error] [php] date(): It is not safe to rely on the system's timezone settings. You are *required* to use the date.timezone setting or the date_default_timezone_set() function. In case you used any of those methods and you are still getting this warning, you most likely misspelled the timezone identifier. We selected 'Asia/Bangkok' for 'ICT/7.0/no DST' instead (/var/www/html/yii-1.1.13.e9e4a0/demos/blog/protected/views/post/_view.php:6)
Stack trace:
#0 /var/www/html/yii-1.1.13.e9e4a0/framework/web/CBaseController.php(95): PostController->renderInternal()
#1 /var/www/html/yii-1.1.13.e9e4a0/framework/zii/widgets/CListView.php(281): PostController->renderFile()
#2 /var/www/html/yii-1.1.13.e9e4a0/framework/zii/widgets/CBaseListView.php(160): CListView->renderItems()
#3 unknown(0): CListView->renderSection()
#4 /var/www/html/yii-1.1.13.e9e4a0/framework/zii/widgets/CBaseListView.php(143): preg_replace_callback()
#5 /var/www/html/yii-1.1.13.e9e4a0/framework/zii/widgets/CBaseListView.php(128): CListView->renderContent()
#6 /var/www/html/yii-1.1.13.e9e4a0/framework/web/CBaseController.php(173): CListView->run()
#7 /var/www/html/yii-1.1.13.e9e4a0/demos/blog/protected/views/post/index.php(9): PostController->widget()
#8 /var/www/html/yii-1.1.13.e9e4a0/framework/web/CBaseController.php(126): require()
#9 /var/www/html/yii-1.1.13.e9e4a0/framework/web/CBaseController.php(95): PostController->renderInternal()
#10 /var/www/html/yii-1.1.13.e9e4a0/framework/web/CController.php(869): PostController->renderFile()
#11 /var/www/html/yii-1.1.13.e9e4a0/framework/web/CController.php(782): PostController->renderPartial()
#12 /var/www/html/yii-1.1.13.e9e4a0/demos/blog/protected/controllers/PostController.php(136): PostController->render()
#13 /var/www/html/yii-1.1.13.e9e4a0/framework/web/actions/CInlineAction.php(49): PostController->actionIndex()
#14 /var/www/html/yii-1.1.13.e9e4a0/framework/web/CController.php(308): CInlineAction->runWithParams()
#15 /var/www/html/yii-1.1.13.e9e4a0/framework/web/filters/CFilterChain.php(133): PostController->runAction()
#16 /var/www/html/yii-1.1.13.e9e4a0/framework/web/filters/CFilter.php(40): CFilterChain->run()
#17 /var/www/html/yii-1.1.13.e9e4a0/framework/web/CController.php(1145): CAccessControlFilter->filter()
#18 /var/www/html/yii-1.1.13.e9e4a0/framework/web/filters/CInlineFilter.php(58): PostController->filterAccessControl()
#19 /var/www/html/yii-1.1.13.e9e4a0/framework/web/filters/CFilterChain.php(130): CInlineFilter->filter()
#20 /var/www/html/yii-1.1.13.e9e4a0/framework/web/CController.php(291): CFilterChain->run()
#21 /var/www/html/yii-1.1.13.e9e4a0/framework/web/CController.php(265): PostController->runActionWithFilters()
#22 /var/www/html/yii-1.1.13.e9e4a0/framework/web/CWebApplication.php(282): PostController->run()
#23 /var/www/html/yii-1.1.13.e9e4a0/framework/web/CWebApplication.php(141): CWebApplication->runController()
#24 /var/www/html/yii-1.1.13.e9e4a0/framework/base/CApplication.php(169): CWebApplication->processRequest()
#25 /var/www/html/yii-1.1.13.e9e4a0/demos/blog/index.php(11): CWebApplication->run()
REQUEST_URI=/yii-1.1.13.e9e4a0/demos/blog/
2013/03/12 03:16:03 [error] [php] date(): It is not safe to rely on the system's timezone settings. You are *required* to use the date.timezone setting or the date_default_timezone_set() function. In case you used any of those methods and you are still getting this warning, you most likely misspelled the timezone identifier. We selected 'Asia/Bangkok' for 'ICT/7.0/no DST' instead (/var/www/html/yii-1.1.13.e9e4a0/demos/blog/protected/views/post/_view.php:6)
Stack trace:
#0 /var/www/html/yii-1.1.13.e9e4a0/framework/web/CBaseController.php(95): PostController->renderInternal()
#1 /var/www/html/yii-1.1.13.e9e4a0/framework/zii/widgets/CListView.php(281): PostController->renderFile()
#2 /var/www/html/yii-1.1.13.e9e4a0/framework/zii/widgets/CBaseListView.php(160): CListView->renderItems()
#3 unknown(0): CListView->renderSection()
#4 /var/www/html/yii-1.1.13.e9e4a0/framework/zii/widgets/CBaseListView.php(143): preg_replace_callback()
#5 /var/www/html/yii-1.1.13.e9e4a0/framework/zii/widgets/CBaseListView.php(128): CListView->renderContent()
#6 /var/www/html/yii-1.1.13.e9e4a0/framework/web/CBaseController.php(173): CListView->run()
#7 /var/www/html/yii-1.1.13.e9e4a0/demos/blog/protected/views/post/index.php(9): PostController->widget()
#8 /var/www/html/yii-1.1.13.e9e4a0/framework/web/CBaseController.php(126): require()
#9 /var/www/html/yii-1.1.13.e9e4a0/framework/web/CBaseController.php(95): PostController->renderInternal()
#10 /var/www/html/yii-1.1.13.e9e4a0/framework/web/CController.php(869): PostController->renderFile()
#11 /var/www/html/yii-1.1.13.e9e4a0/framework/web/CController.php(782): PostController->renderPartial()
#12 /var/www/html/yii-1.1.13.e9e4a0/demos/blog/protected/controllers/PostController.php(136): PostController->render()
#13 /var/www/html/yii-1.1.13.e9e4a0/framework/web/actions/CInlineAction.php(49): PostController->actionIndex()
#14 /var/www/html/yii-1.1.13.e9e4a0/framework/web/CController.php(308): CInlineAction->runWithParams()
#15 /var/www/html/yii-1.1.13.e9e4a0/framework/web/filters/CFilterChain.php(133): PostController->runAction()
#16 /var/www/html/yii-1.1.13.e9e4a0/framework/web/filters/CFilter.php(40): CFilterChain->run()
#17 /var/www/html/yii-1.1.13.e9e4a0/framework/web/CController.php(1145): CAccessControlFilter->filter()
#18 /var/www/html/yii-1.1.13.e9e4a0/framework/web/filters/CInlineFilter.php(58): PostController->filterAccessControl()
#19 /var/www/html/yii-1.1.13.e9e4a0/framework/web/filters/CFilterChain.php(130): CInlineFilter->filter()
#20 /var/www/html/yii-1.1.13.e9e4a0/framework/web/CController.php(291): CFilterChain->run()
#21 /var/www/html/yii-1.1.13.e9e4a0/framework/web/CController.php(265): PostController->runActionWithFilters()
#22 /var/www/html/yii-1.1.13.e9e4a0/framework/web/CWebApplication.php(282): PostController->run()
#23 /var/www/html/yii-1.1.13.e9e4a0/framework/web/CWebApplication.php(141): CWebApplication->runController()
#24 /var/www/html/yii-1.1.13.e9e4a0/framework/base/CApplication.php(169): CWebApplication->processRequest()
#25 /var/www/html/yii-1.1.13.e9e4a0/demos/blog/index.php(11): CWebApplication->run()
REQUEST_URI=/yii-1.1.13.e9e4a0/demos/blog/
