2013/04/01 04:05:08 [error] [exception.CHttpException.404] exception 'CHttpException' with message 'Unable to resolve the request "gii".' in /var/www/html/yii/framework/web/CWebApplication.php:286
Stack trace:
#0 /var/www/html/yii/framework/web/CWebApplication.php(141): CWebApplication->runController('gii')
#1 /var/www/html/yii/framework/base/CApplication.php(169): CWebApplication->processRequest()
#2 /var/www/html/system/index.php(13): CApplication->run()
#3 {main}
REQUEST_URI=/system/index.php?r=gii
---
2013/04/01 04:21:20 [error] [exception.CException] exception 'CException' with message 'Property "CWebApplication.fb" is not defined.' in /var/www/html/yii/framework/base/CComponent.php:130
Stack trace:
#0 /var/www/html/yii/framework/base/CModule.php(105): CComponent->__get('fb')
#1 /var/www/html/system/protected/views/layouts/main.php(3): CModule->__get('fb')
#2 /var/www/html/yii/framework/web/CBaseController.php(126): require('/var/www/html/s...')
#3 /var/www/html/yii/framework/web/CBaseController.php(95): CBaseController->renderInternal('/var/www/html/s...', Array, true)
#4 /var/www/html/yii/framework/web/widgets/CContentDecorator.php(76): CBaseController->renderFile('/var/www/html/s...', Array, true)
#5 /var/www/html/yii/framework/web/widgets/CContentDecorator.php(54): CContentDecorator->decorate('<div id="conten...')
#6 /var/www/html/yii/framework/web/widgets/COutputProcessor.php(44): CContentDecorator->processOutput('<div id="conten...')
#7 /var/www/html/yii/framework/web/CBaseController.php(206): COutputProcessor->run()
#8 /var/www/html/yii/framework/web/CBaseController.php(300): CBaseController->endWidget('CContentDecorat...')
#9 /var/www/html/system/protected/views/layouts/column1.php(6): CBaseController->endContent()
#10 /var/www/html/yii/framework/web/CBaseController.php(126): require('/var/www/html/s...')
#11 /var/www/html/yii/framework/web/CBaseController.php(95): CBaseController->renderInternal('/var/www/html/s...', Array, true)
#12 /var/www/html/yii/framework/web/CController.php(784): CBaseController->renderFile('/var/www/html/s...', Array, true)
#13 /var/www/html/system/protected/controllers/LoginController.php(7): CController->render('index')
#14 /var/www/html/yii/framework/web/actions/CInlineAction.php(49): LoginController->actionIndex()
#15 /var/www/html/yii/framework/web/CController.php(308): CInlineAction->runWithParams(Array)
#16 /var/www/html/yii/framework/web/CController.php(286): CController->runAction(Object(CInlineAction))
#17 /var/www/html/yii/framework/web/CController.php(265): CController->runActionWithFilters(Object(CInlineAction), Array)
#18 /var/www/html/yii/framework/web/CWebApplication.php(282): CController->run('')
#19 /var/www/html/yii/framework/web/CWebApplication.php(141): CWebApplication->runController('login')
#20 /var/www/html/yii/framework/base/CApplication.php(169): CWebApplication->processRequest()
#21 /var/www/html/system/index.php(13): CApplication->run()
#22 {main}
REQUEST_URI=/system/index.php?r=login
---
2013/04/01 04:29:20 [error] [exception.CHttpException.404] exception 'CHttpException' with message 'Unable to resolve the request "test".' in /var/www/html/yii/framework/web/CWebApplication.php:286
Stack trace:
#0 /var/www/html/yii/framework/web/CWebApplication.php(141): CWebApplication->runController('test')
#1 /var/www/html/yii/framework/base/CApplication.php(169): CWebApplication->processRequest()
#2 /var/www/html/system/index.php(13): CApplication->run()
#3 {main}
REQUEST_URI=/system/index.php?r=test
---
2013/04/01 04:50:16 [error] [exception.CHttpException.404] exception 'CHttpException' with message 'Unable to resolve the request "test".' in /var/www/html/yii/framework/web/CWebApplication.php:286
Stack trace:
#0 /var/www/html/yii/framework/web/CWebApplication.php(141): CWebApplication->runController('test')
#1 /var/www/html/yii/framework/base/CApplication.php(169): CWebApplication->processRequest()
#2 /var/www/html/system/index.php(13): CApplication->run()
#3 {main}
REQUEST_URI=/system/index.php?r=test
---
2013/04/01 04:50:19 [error] [exception.CHttpException.404] exception 'CHttpException' with message 'Unable to resolve the request "test".' in /var/www/html/yii/framework/web/CWebApplication.php:286
Stack trace:
#0 /var/www/html/yii/framework/web/CWebApplication.php(141): CWebApplication->runController('test')
#1 /var/www/html/yii/framework/base/CApplication.php(169): CWebApplication->processRequest()
#2 /var/www/html/system/index.php(13): CApplication->run()
#3 {main}
REQUEST_URI=/system/index.php?r=test
---
2013/04/01 04:50:19 [error] [exception.CHttpException.404] exception 'CHttpException' with message 'Unable to resolve the request "test".' in /var/www/html/yii/framework/web/CWebApplication.php:286
Stack trace:
#0 /var/www/html/yii/framework/web/CWebApplication.php(141): CWebApplication->runController('test')
#1 /var/www/html/yii/framework/base/CApplication.php(169): CWebApplication->processRequest()
#2 /var/www/html/system/index.php(13): CApplication->run()
#3 {main}
REQUEST_URI=/system/index.php?r=test
---
2013/04/01 05:11:20 [error] [exception.CException] exception 'CException' with message 'SiteController cannot find the requested view "index".' in /var/www/html/yii/framework/web/CController.php:878
Stack trace:
#0 /var/www/html/yii/framework/web/CController.php(782): CController->renderPartial('index', NULL, true)
#1 /var/www/html/system/protected/controllers/SiteController.php(32): CController->render('index')
#2 /var/www/html/yii/framework/web/actions/CInlineAction.php(49): SiteController->actionIndex()
#3 /var/www/html/yii/framework/web/CController.php(308): CInlineAction->runWithParams(Array)
#4 /var/www/html/yii/framework/web/CController.php(286): CController->runAction(Object(CInlineAction))
#5 /var/www/html/yii/framework/web/CController.php(265): CController->runActionWithFilters(Object(CInlineAction), Array)
#6 /var/www/html/yii/framework/web/CWebApplication.php(282): CController->run('')
#7 /var/www/html/yii/framework/web/CWebApplication.php(141): CWebApplication->runController('')
#8 /var/www/html/yii/framework/base/CApplication.php(169): CWebApplication->processRequest()
#9 /var/www/html/system/index.php(13): CApplication->run()
#10 {main}
REQUEST_URI=/system/
---
2013/04/01 05:13:50 [error] [exception.CException] exception 'CException' with message 'SiteController cannot find the requested view "index".' in /var/www/html/yii/framework/web/CController.php:878
Stack trace:
#0 /var/www/html/yii/framework/web/CController.php(782): CController->renderPartial('index', NULL, true)
#1 /var/www/html/system/protected/controllers/SiteController.php(32): CController->render('index')
#2 /var/www/html/yii/framework/web/actions/CInlineAction.php(49): SiteController->actionIndex()
#3 /var/www/html/yii/framework/web/CController.php(308): CInlineAction->runWithParams(Array)
#4 /var/www/html/yii/framework/web/CController.php(286): CController->runAction(Object(CInlineAction))
#5 /var/www/html/yii/framework/web/CController.php(265): CController->runActionWithFilters(Object(CInlineAction), Array)
#6 /var/www/html/yii/framework/web/CWebApplication.php(282): CController->run('')
#7 /var/www/html/yii/framework/web/CWebApplication.php(141): CWebApplication->runController('')
#8 /var/www/html/yii/framework/base/CApplication.php(169): CWebApplication->processRequest()
#9 /var/www/html/system/index.php(13): CApplication->run()
#10 {main}
REQUEST_URI=/system/
---
2013/04/01 05:13:51 [error] [exception.CException] exception 'CException' with message 'SiteController cannot find the requested view "index".' in /var/www/html/yii/framework/web/CController.php:878
Stack trace:
#0 /var/www/html/yii/framework/web/CController.php(782): CController->renderPartial('index', NULL, true)
#1 /var/www/html/system/protected/controllers/SiteController.php(32): CController->render('index')
#2 /var/www/html/yii/framework/web/actions/CInlineAction.php(49): SiteController->actionIndex()
#3 /var/www/html/yii/framework/web/CController.php(308): CInlineAction->runWithParams(Array)
#4 /var/www/html/yii/framework/web/CController.php(286): CController->runAction(Object(CInlineAction))
#5 /var/www/html/yii/framework/web/CController.php(265): CController->runActionWithFilters(Object(CInlineAction), Array)
#6 /var/www/html/yii/framework/web/CWebApplication.php(282): CController->run('')
#7 /var/www/html/yii/framework/web/CWebApplication.php(141): CWebApplication->runController('')
#8 /var/www/html/yii/framework/base/CApplication.php(169): CWebApplication->processRequest()
#9 /var/www/html/system/index.php(13): CApplication->run()
#10 {main}
REQUEST_URI=/system/
---
2013/04/01 05:13:54 [error] [exception.CException] exception 'CException' with message 'SiteController cannot find the requested view "index".' in /var/www/html/yii/framework/web/CController.php:878
Stack trace:
#0 /var/www/html/yii/framework/web/CController.php(782): CController->renderPartial('index', NULL, true)
#1 /var/www/html/system/protected/controllers/SiteController.php(32): CController->render('index')
#2 /var/www/html/yii/framework/web/actions/CInlineAction.php(49): SiteController->actionIndex()
#3 /var/www/html/yii/framework/web/CController.php(308): CInlineAction->runWithParams(Array)
#4 /var/www/html/yii/framework/web/CController.php(286): CController->runAction(Object(CInlineAction))
#5 /var/www/html/yii/framework/web/CController.php(265): CController->runActionWithFilters(Object(CInlineAction), Array)
#6 /var/www/html/yii/framework/web/CWebApplication.php(282): CController->run('')
#7 /var/www/html/yii/framework/web/CWebApplication.php(141): CWebApplication->runController('')
#8 /var/www/html/yii/framework/base/CApplication.php(169): CWebApplication->processRequest()
#9 /var/www/html/system/index.php(13): CApplication->run()
#10 {main}
REQUEST_URI=/system/index.php
---
2013/04/01 11:21:00 [error] [exception.CHttpException.404] exception 'CHttpException' with message 'The system is unable to find the requested action "gii".' in /var/www/html/yii/framework/web/CController.php:483
Stack trace:
#0 /var/www/html/yii/framework/web/CController.php(270): CController->missingAction('gii')
#1 /var/www/html/yii/framework/web/CWebApplication.php(282): CController->run('gii')
#2 /var/www/html/yii/framework/web/CWebApplication.php(141): CWebApplication->runController('site/gii')
#3 /var/www/html/yii/framework/base/CApplication.php(169): CWebApplication->processRequest()
#4 /var/www/html/system/index.php(13): CApplication->run()
#5 {main}
REQUEST_URI=/system/site/gii
---
